mode: atomic
github.com/prologic/shorturl/server.go:29.30,34.2 2 0
github.com/prologic/shorturl/server.go:36.37,38.2 1 0
github.com/prologic/shorturl/server.go:40.37,42.2 1 0
github.com/prologic/shorturl/server.go:44.48,46.2 1 0
github.com/prologic/shorturl/server.go:48.48,50.2 1 0
github.com/prologic/shorturl/server.go:67.78,69.16 2 0
github.com/prologic/shorturl/server.go:74.2,75.16 2 0
github.com/prologic/shorturl/server.go:69.16,72.3 2 0
github.com/prologic/shorturl/server.go:75.16,78.3 2 0
github.com/prologic/shorturl/server.go:86.51,87.75 1 0
github.com/prologic/shorturl/server.go:87.75,92.17 4 0
github.com/prologic/shorturl/server.go:98.3,102.28 2 0
github.com/prologic/shorturl/server.go:92.17,96.4 3 0
github.com/prologic/shorturl/server.go:107.53,108.75 1 0
github.com/prologic/shorturl/server.go:108.75,112.17 3 0
github.com/prologic/shorturl/server.go:118.3,119.17 2 0
github.com/prologic/shorturl/server.go:124.3,124.62 1 0
github.com/prologic/shorturl/server.go:112.17,116.4 3 0
github.com/prologic/shorturl/server.go:119.17,122.4 2 0
github.com/prologic/shorturl/server.go:129.50,130.75 1 0
github.com/prologic/shorturl/server.go:130.75,136.15 4 0
github.com/prologic/shorturl/server.go:141.3,142.45 2 0
github.com/prologic/shorturl/server.go:151.3,152.17 2 0
github.com/prologic/shorturl/server.go:157.3,158.17 2 0
github.com/prologic/shorturl/server.go:163.3,174.4 2 0
github.com/prologic/shorturl/server.go:136.15,139.4 2 0
github.com/prologic/shorturl/server.go:142.45,145.4 2 0
github.com/prologic/shorturl/server.go:145.9,145.24 1 0
github.com/prologic/shorturl/server.go:145.24,149.4 3 0
github.com/prologic/shorturl/server.go:152.17,155.4 2 0
github.com/prologic/shorturl/server.go:158.17,161.4 2 0
github.com/prologic/shorturl/server.go:179.54,180.75 1 0
github.com/prologic/shorturl/server.go:180.75,186.15 4 0
github.com/prologic/shorturl/server.go:191.3,192.45 2 0
github.com/prologic/shorturl/server.go:201.3,201.47 1 0
github.com/prologic/shorturl/server.go:186.15,189.4 2 0
github.com/prologic/shorturl/server.go:192.45,195.4 2 0
github.com/prologic/shorturl/server.go:195.9,195.24 1 0
github.com/prologic/shorturl/server.go:195.24,199.4 3 0
github.com/prologic/shorturl/server.go:206.51,207.75 1 0
github.com/prologic/shorturl/server.go:207.75,210.17 3 0
github.com/prologic/shorturl/server.go:214.3,214.14 1 0
github.com/prologic/shorturl/server.go:210.17,213.4 2 0
github.com/prologic/shorturl/server.go:219.35,228.2 1 0
github.com/prologic/shorturl/server.go:230.31,248.2 8 0
github.com/prologic/shorturl/server.go:251.52,287.2 12 0
github.com/prologic/shorturl/templates.go:21.43,26.2 1 0
github.com/prologic/shorturl/templates.go:28.67,33.2 3 0
github.com/prologic/shorturl/templates.go:35.77,40.9 4 0
github.com/prologic/shorturl/templates.go:45.2,47.16 3 0
github.com/prologic/shorturl/templates.go:52.2,52.17 1 0
github.com/prologic/shorturl/templates.go:40.9,43.3 2 0
github.com/prologic/shorturl/templates.go:47.16,50.3 2 0
github.com/prologic/shorturl/utils.go:12.38,15.26 3 1
github.com/prologic/shorturl/utils.go:18.2,18.22 1 1
github.com/prologic/shorturl/utils.go:15.26,17.3 1 5
github.com/prologic/shorturl/version.go:14.27,16.2 1 0
github.com/prologic/shorturl/main.go:19.13,35.13 8 0
github.com/prologic/shorturl/main.go:40.2,42.16 3 0
github.com/prologic/shorturl/main.go:45.2,50.39 3 0
github.com/prologic/shorturl/main.go:35.13,38.3 2 0
github.com/prologic/shorturl/main.go:42.16,44.3 1 0
github.com/prologic/shorturl/models.go:16.26,17.6 1 1
github.com/prologic/shorturl/models.go:17.6,21.17 3 1
github.com/prologic/shorturl/models.go:21.17,23.4 1 1
github.com/prologic/shorturl/models.go:27.50,31.2 3 1
github.com/prologic/shorturl/models.go:34.42,38.2 3 0
github.com/prologic/shorturl/rice-box.go:9.13,51.2 5 1
github.com/prologic/shorturl/rice-box.go:53.13,95.2 5 1
github.com/prologic/shorturl/rice-box.go:97.13,147.2 6 1
